Start testing: Sep 02 17:53 AEST
----------------------------------------------------------
1/3 Testing: LOBTest.AddAndMatch
1/3 Test: LOBTest.AddAndMatch
Command: "/Users/haiou/Documents/Coding Projects/LOB_basic/build/lob_tests" "--gtest_filter=LOBTest.AddAndMatch" "--gtest_also_run_disabled_tests"
Directory: /Users/haiou/Documents/Coding Projects/LOB_basic/build
"LOBTest.AddAndMatch" start time: Sep 02 17:53 AEST
Output:
----------------------------------------------------------
Running main() from /Users/haiou/Documents/Coding Projects/LOB_basic/build/_deps/googletest-src/googletest/src/gtest_main.cc
Note: Google Test filter = LOBTest.AddAndMatch
[==========] Running 1 test from 1 test suite.
[----------] Global test environment set-up.
[----------] 1 test from LOBTest
[ RUN      ] LOBTest.AddAndMatch
[       OK ] LOBTest.AddAndMatch (0 ms)
[----------] 1 test from LOBTest (0 ms total)

[----------] Global test environment tear-down
[==========] 1 test from 1 test suite ran. (0 ms total)
[  PASSED  ] 1 test.
<end of output>
Test time =   0.01 sec
----------------------------------------------------------
Test Passed.
"LOBTest.AddAndMatch" end time: Sep 02 17:53 AEST
"LOBTest.AddAndMatch" time elapsed: 00:00:00
----------------------------------------------------------

2/3 Testing: LOBTest.CancelBestBid
2/3 Test: LOBTest.CancelBestBid
Command: "/Users/haiou/Documents/Coding Projects/LOB_basic/build/lob_tests" "--gtest_filter=LOBTest.CancelBestBid" "--gtest_also_run_disabled_tests"
Directory: /Users/haiou/Documents/Coding Projects/LOB_basic/build
"LOBTest.CancelBestBid" start time: Sep 02 17:53 AEST
Output:
----------------------------------------------------------
Running main() from /Users/haiou/Documents/Coding Projects/LOB_basic/build/_deps/googletest-src/googletest/src/gtest_main.cc
Note: Google Test filter = LOBTest.CancelBestBid
[==========] Running 1 test from 1 test suite.
[----------] Global test environment set-up.
[----------] 1 test from LOBTest
[ RUN      ] LOBTest.CancelBestBid
[       OK ] LOBTest.CancelBestBid (0 ms)
[----------] 1 test from LOBTest (0 ms total)

[----------] Global test environment tear-down
[==========] 1 test from 1 test suite ran. (0 ms total)
[  PASSED  ] 1 test.
<end of output>
Test time =   0.01 sec
----------------------------------------------------------
Test Passed.
"LOBTest.CancelBestBid" end time: Sep 02 17:53 AEST
"LOBTest.CancelBestBid" time elapsed: 00:00:00
----------------------------------------------------------

3/3 Testing: LOBTest.FifoPriority
3/3 Test: LOBTest.FifoPriority
Command: "/Users/haiou/Documents/Coding Projects/LOB_basic/build/lob_tests" "--gtest_filter=LOBTest.FifoPriority" "--gtest_also_run_disabled_tests"
Directory: /Users/haiou/Documents/Coding Projects/LOB_basic/build
"LOBTest.FifoPriority" start time: Sep 02 17:53 AEST
Output:
----------------------------------------------------------
Running main() from /Users/haiou/Documents/Coding Projects/LOB_basic/build/_deps/googletest-src/googletest/src/gtest_main.cc
Note: Google Test filter = LOBTest.FifoPriority
[==========] Running 1 test from 1 test suite.
[----------] Global test environment set-up.
[----------] 1 test from LOBTest
[ RUN      ] LOBTest.FifoPriority
[       OK ] LOBTest.FifoPriority (0 ms)
[----------] 1 test from LOBTest (0 ms total)

[----------] Global test environment tear-down
[==========] 1 test from 1 test suite ran. (0 ms total)
[  PASSED  ] 1 test.
<end of output>
Test time =   0.01 sec
----------------------------------------------------------
Test Passed.
"LOBTest.FifoPriority" end time: Sep 02 17:53 AEST
"LOBTest.FifoPriority" time elapsed: 00:00:00
----------------------------------------------------------

End testing: Sep 02 17:53 AEST
